/cms/store/user/sthakur/ntuple_MuData_20180224/MuData_20180224/MuRunDv1_MuData_20180224/DoubleMuon/MuRunDv1_MuData_20180224/180224_185743/0000/MuRunDv1_MuData_20180224_Ntuple_57.root
/cms/store/user/sthakur/ntuple_MuMC_20180224/MuMC_20180224/WZ_MuMC_20180224/WZ_TuneCUETP8M1_13TeV-pythia8/WZ_MuMC_20180224/180224_185648/0000/WZ_MuMC_20180224_Ntuple_3.root
/cms/store/user/sthakur/ntuple_MuMC_20180224/MuMC_20180224/TTJetsP_MuMC_20180224/TT_TuneCUETP8M2T4_13TeV-powheg-pythia8/TTJetsP_MuMC_20180224/180224_185507/0000/TTJetsP_MuMC_20180224_Ntuple_80.root
/cms/store/user/sthakur/ntuple_MuMC_20180224/MuMC_20180224/W3JetsToLNu_MuMC_20180224/W3JetsToLNu_TuneCUETP8M1_13TeV-madgraphMLM-pythia8/W3JetsToLNu_MuMC_20180224/180224_185551/0000/W3JetsToLNu_MuMC_20180224_Ntuple_28.root
/cms/store/user/sthakur/ntuple_MuMC_20180224/MuMC_20180224/TTJetsP_MuMC_20180224/TT_TuneCUETP8M2T4_13TeV-powheg-pythia8/TTJetsP_MuMC_20180224/180224_185507/0000/TTJetsP_MuMC_20180224_Ntuple_52.root
/cms/store/user/sthakur/ntuple_MuMC_20180224/MuMC_20180224/QCD_Pt-30to50_Mu_MuMC_20180224/QCD_Pt-30to50_MuEnrichedPt5_TuneCUETP8M1_13TeV_pythia8/QCD_Pt-30to50_Mu_MuMC_20180224/180224_185340/0000/QCD_Pt-30to50_Mu_MuMC_20180224_Ntuple_20.root
/cms/store/user/sthakur/ntuple_MuData_20180224/MuData_20180224/MuRunH2v1_MuData_20180224/DoubleMuon/MuRunH2v1_MuData_20180224/180224_185841/0000/MuRunH2v1_MuData_20180224_Ntuple_42.root
/cms/store/user/sthakur/ntuple_MuMC_20180224/MuMC_20180224/WJetsToLNu_MuMC_20180224/WJetsToLNu_TuneCUETP8M1_13TeV-madgraphMLM-pythia8/WJetsToLNu_MuMC_20180224/180224_185619/0000/WJetsToLNu_MuMC_20180224_Ntuple_9.root
/cms/store/user/sthakur/ntuple_MuMC_20180224/MuMC_20180224/W3JetsToLNu_MuMC_20180224/W3JetsToLNu_TuneCUETP8M1_13TeV-madgraphMLM-pythia8/W3JetsToLNu_MuMC_20180224/180224_185551/0000/W3JetsToLNu_MuMC_20180224_Ntuple_9.root
/cms/store/user/sthakur/ntuple_MuMC_20180224/MuMC_20180224/W3JetsToLNu_MuMC_20180224/W3JetsToLNu_TuneCUETP8M1_13TeV-madgraphMLM-pythia8/W3JetsToLNu_MuMC_20180224/180224_185551/0000/W3JetsToLNu_MuMC_20180224_Ntuple_33.root
/cms/store/user/sthakur/ntuple_MuMC_20180224/MuMC_20180224/DYJetsToLL_MuMC_20180224/DYJetsToLL_M-50_TuneCUETP8M1_13TeV-madgraphMLM-pythia8/DYJetsToLL_MuMC_20180224/180224_185201/0000/DYJetsToLL_MuMC_20180224_Ntuple_4.root
/cms/store/user/sthakur/ntuple_MuMC_20180224/MuMC_20180224/TTJetsP_MuMC_20180224/TT_TuneCUETP8M2T4_13TeV-powheg-pythia8/TTJetsP_MuMC_20180224/180224_185507/0000/TTJetsP_MuMC_20180224_Ntuple_38.root
/cms/store/user/sthakur/ntuple_MuMC_20180224/MuMC_20180224/WW_MuMC_20180224/WW_TuneCUETP8M1_13TeV-pythia8/WW_MuMC_20180224/180224_185633/0000/WW_MuMC_20180224_Ntuple_1.root
/cms/store/user/sthakur/ntuple_MuMC_20180224/MuMC_20180224/ZZ_MuMC_20180224/ZZ_TuneCUETP8M1_13TeV-pythia8/ZZ_MuMC_20180224/180224_185701/0000/ZZ_MuMC_20180224_Ntuple_1.root
/cms/store/user/sthakur/ntuple_MuMC_20180224/MuMC_20180224/QCD_Pt-600to800_Mu_MuMC_20180224/QCD_Pt-600to800_MuEnrichedPt5_TuneCUETP8M1_13TeV_pythia8/QCD_Pt-600to800_Mu_MuMC_20180224/180224_185423/0000/QCD_Pt-600to800_Mu_MuMC_20180224_Ntuple_2.root
/cms/store/user/sthakur/ntuple_MuMC_20180224/MuMC_20180224/QCD_Pt-50to80_Mu_MuMC_20180224/QCD_Pt-50to80_MuEnrichedPt5_TuneCUETP8M1_13TeV_pythia8/QCD_Pt-50to80_Mu_MuMC_20180224/180224_185408/0000/QCD_Pt-50to80_Mu_MuMC_20180224_Ntuple_15.root
/cms/store/user/sthakur/ntuple_MuMC_20180224/MuMC_20180224/QCD_Pt-20to30_Mu_MuMC_20180224/QCD_Pt-20to30_MuEnrichedPt5_TuneCUETP8M1_13TeV_pythia8/QCD_Pt-20to30_Mu_MuMC_20180224/180224_185312/0000/QCD_Pt-20to30_Mu_MuMC_20180224_Ntuple_28.root
/cms/store/user/sthakur/ntuple_MuMC_20180224/MuMC_20180224/QCD_Pt-50to80_Mu_MuMC_20180224/QCD_Pt-50to80_MuEnrichedPt5_TuneCUETP8M1_13TeV_pythia8/QCD_Pt-50to80_Mu_MuMC_20180224/180224_185408/0000/QCD_Pt-50to80_Mu_MuMC_20180224_Ntuple_14.root
/cms/store/user/sthakur/ntuple_MuMC_20180224/MuMC_20180224/WZ_MuMC_20180224/WZ_TuneCUETP8M1_13TeV-pythia8/WZ_MuMC_20180224/180224_185648/0000/WZ_MuMC_20180224_Ntuple_1.root
/cms/store/user/sthakur/ntuple_MuData_20180224/MuData_20180224/MuRunDv1_MuData_20180224/DoubleMuon/MuRunDv1_MuData_20180224/180224_185743/0000/MuRunDv1_MuData_20180224_Ntuple_44.root
/cms/store/user/sthakur/ntuple_MuMC_20180224/MuMC_20180224/QCD_Pt-20to30_Mu_MuMC_20180224/QCD_Pt-20to30_MuEnrichedPt5_TuneCUETP8M1_13TeV_pythia8/QCD_Pt-20to30_Mu_MuMC_20180224/180224_185312/0000/QCD_Pt-20to30_Mu_MuMC_20180224_Ntuple_20.root
/cms/store/user/sthakur/ntuple_MuMC_20180224/MuMC_20180224/WJetsToLNu_MuMC_20180224/WJetsToLNu_TuneCUETP8M1_13TeV-madgraphMLM-pythia8/WJetsToLNu_MuMC_20180224/180224_185619/0000/WJetsToLNu_MuMC_20180224_Ntuple_8.root
/cms/store/user/sthakur/ntuple_MuMC_20180224/MuMC_20180224/WJetsToLNu_MuMC_20180224/WJetsToLNu_TuneCUETP8M1_13TeV-madgraphMLM-pythia8/WJetsToLNu_MuMC_20180224/180224_185619/0000/WJetsToLNu_MuMC_20180224_Ntuple_17.root
/cms/store/user/sthakur/ntuple_MuData_20180224/MuData_20180224/MuRunDv1_MuData_20180224/DoubleMuon/MuRunDv1_MuData_20180224/180224_185743/0000/MuRunDv1_MuData_20180224_Ntuple_4.root
/cms/store/user/sthakur/ntuple_MuMC_20180224/MuMC_20180224/W2JetsToLNu_MuMC_20180224/W2JetsToLNu_TuneCUETP8M1_13TeV-madgraphMLM-pythia8/W2JetsToLNu_MuMC_20180224/180224_185537/0000/W2JetsToLNu_MuMC_20180224_Ntuple_17.root
/cms/store/user/sthakur/ntuple_MuMC_20180224/MuMC_20180224/DYJetsToLL_MuMC_20180224/DYJetsToLL_M-50_TuneCUETP8M1_13TeV-madgraphMLM-pythia8/DYJetsToLL_MuMC_20180224/180224_185201/0000/DYJetsToLL_MuMC_20180224_Ntuple_7.root
/cms/store/user/sthakur/ntuple_MuMC_20180224/MuMC_20180224/W1JetsToLNu_MuMC_20180224/W1JetsToLNu_TuneCUETP8M1_13TeV-madgraphMLM-pythia8/W1JetsToLNu_MuMC_20180224/180224_185522/0000/W1JetsToLNu_MuMC_20180224_Ntuple_9.root
/cms/store/user/sthakur/ntuple_MuMC_20180224/MuMC_20180224/TTJetsP_MuMC_20180224/TT_TuneCUETP8M2T4_13TeV-powheg-pythia8/TTJetsP_MuMC_20180224/180224_185507/0000/TTJetsP_MuMC_20180224_Ntuple_41.root
/cms/store/user/sthakur/ntuple_MuData_20180224/MuData_20180224/MuRunH2v1_MuData_20180224/DoubleMuon/MuRunH2v1_MuData_20180224/180224_185841/0000/MuRunH2v1_MuData_20180224_Ntuple_18.root
/cms/store/user/sthakur/ntuple_MuData_20180224/MuData_20180224/MuRunEv1_MuData_20180224/DoubleMuon/MuRunEv1_MuData_20180224/180224_185758/0000/MuRunEv1_MuData_20180224_Ntuple_46.root
/cms/store/user/sthakur/ntuple_MuMC_20180224/MuMC_20180224/QCD_Pt-30to50_Mu_MuMC_20180224/QCD_Pt-30to50_MuEnrichedPt5_TuneCUETP8M1_13TeV_pythia8/QCD_Pt-30to50_Mu_MuMC_20180224/180224_185340/0000/QCD_Pt-30to50_Mu_MuMC_20180224_Ntuple_31.root
/cms/store/user/sthakur/ntuple_MuMC_20180224/MuMC_20180224/TTJetsP_MuMC_20180224/TT_TuneCUETP8M2T4_13TeV-powheg-pythia8/TTJetsP_MuMC_20180224/180224_185507/0000/TTJetsP_MuMC_20180224_Ntuple_93.root
/cms/store/user/sthakur/ntuple_MuData_20180224/MuData_20180224/MuRunH2v1_MuData_20180224/DoubleMuon/MuRunH2v1_MuData_20180224/180224_185841/0000/MuRunH2v1_MuData_20180224_Ntuple_89.root
/cms/store/user/sthakur/ntuple_MuMC_20180224/MuMC_20180224/QCD_Pt-20to30_Mu_MuMC_20180224/QCD_Pt-20to30_MuEnrichedPt5_TuneCUETP8M1_13TeV_pythia8/QCD_Pt-20to30_Mu_MuMC_20180224/180224_185312/0000/QCD_Pt-20to30_Mu_MuMC_20180224_Ntuple_25.root
/cms/store/user/sthakur/ntuple_MuData_20180224/MuData_20180224/MuRunEv1_MuData_20180224/DoubleMuon/MuRunEv1_MuData_20180224/180224_185758/0000/MuRunEv1_MuData_20180224_Ntuple_50.root
/cms/store/user/sthakur/ntuple_MuMC_20180224/MuMC_20180224/WW_MuMC_20180224/WW_TuneCUETP8M1_13TeV-pythia8/WW_MuMC_20180224/180224_185633/0000/WW_MuMC_20180224_Ntuple_2.root
/cms/store/user/sthakur/ntuple_MuMC_20180224/MuMC_20180224/W1JetsToLNu_MuMC_20180224/W1JetsToLNu_TuneCUETP8M1_13TeV-madgraphMLM-pythia8/W1JetsToLNu_MuMC_20180224/180224_185522/0000/W1JetsToLNu_MuMC_20180224_Ntuple_21.root
/cms/store/user/sthakur/ntuple_MuMC_20180224/MuMC_20180224/DYJetsToLL_MuMC_20180224/DYJetsToLL_M-50_TuneCUETP8M1_13TeV-madgraphMLM-pythia8/DYJetsToLL_MuMC_20180224/180224_185201/0000/DYJetsToLL_MuMC_20180224_Ntuple_47.root
/cms/store/user/sthakur/ntuple_MuMC_20180224/MuMC_20180224/ZZ_MuMC_20180224/ZZ_TuneCUETP8M1_13TeV-pythia8/ZZ_MuMC_20180224/180224_185701/0000/ZZ_MuMC_20180224_Ntuple_2.root
/cms/store/user/sthakur/ntuple_MuMC_20180224/MuMC_20180224/WZ_MuMC_20180224/WZ_TuneCUETP8M1_13TeV-pythia8/WZ_MuMC_20180224/180224_185648/0000/WZ_MuMC_20180224_Ntuple_2.root
